<?xml version="1.0" encoding="UTF-8" ?>
<testsuite tests="26" failures="0" name="testSU.runner.TestRunner" time="0.008" errors="0" skipped="0">
  <properties>
    <property name="java.runtime.name" value="Java(TM) SE Runtime Environment"/>
    <property name="sun.boot.library.path" value="C:\Program Files\Java\jdk1.8.0_201\jre\bin"/>
    <property name="java.vm.version" value="25.201-b09"/>
    <property name="java.vm.vendor" value="Oracle Corporation"/>
    <property name="maven.multiModuleProjectDirectory" value="C:\Users\15483\eclipse-workspace\servusUnionTestProject"/>
    <property name="java.vendor.url" value="http://java.oracle.com/"/>
    <property name="path.separator" value=";"/>
    <property name="guice.disable.misplaced.annotation.check" value="true"/>
    <property name="java.vm.name" value="Java HotSpot(TM) 64-Bit Server VM"/>
    <property name="file.encoding.pkg" value="sun.io"/>
    <property name="user.script" value=""/>
    <property name="user.country" value="CA"/>
    <property name="sun.java.launcher" value="SUN_STANDARD"/>
    <property name="sun.os.patch.level" value=""/>
    <property name="java.vm.specification.name" value="Java Virtual Machine Specification"/>
    <property name="user.dir" value="C:\Users\15483\eclipse-workspace\servusUnionTestProject"/>
    <property name="java.runtime.version" value="1.8.0_201-b09"/>
    <property name="java.awt.graphicsenv" value="sun.awt.Win32GraphicsEnvironment"/>
    <property name="java.endorsed.dirs" value="C:\Program Files\Java\jdk1.8.0_201\jre\lib\endorsed"/>
    <property name="os.arch" value="amd64"/>
    <property name="java.io.tmpdir" value="C:\Users\15483\AppData\Local\Temp\"/>
    <property name="line.separator" value="
"/>
    <property name="java.vm.specification.vendor" value="Oracle Corporation"/>
    <property name="user.variant" value=""/>
    <property name="os.name" value="Windows 10"/>
    <property name="classworlds.conf" value="C:\Users\15483\eclipse-workspace\.metadata\.plugins\org.eclipse.m2e.launching\launches\m2conf6934303540277091736.tmp"/>
    <property name="sun.jnu.encoding" value="Cp1252"/>
    <property name="java.library.path" value="C:\Program Files\Java\jdk1.8.0_201\bin;C:\WINDOWS\Sun\Java\bin;C:\WINDOWS\system32;C:\WINDOWS;C:/Program Files/Java/jre1.8.0_281/bin/server;C:/Program Files/Java/jre1.8.0_281/bin;C:/Program Files/Java/jre1.8.0_281/lib/amd64;C:\Program Files (x86)\Common Files\Oracle\Java\javapath;C:\WINDOWS\system32;C:\WINDOWS;C:\WINDOWS\System32\Wbem;C:\WINDOWS\System32\WindowsPowerShell\v1.0\;C:\WINDOWS\System32\OpenSSH\;C:\Program Files\Microsoft SQL Server\Client SDK\ODBC\110\Tools\Binn\;C:\Program Files (x86)\Microsoft SQL Server\120\Tools\Binn\;C:\Program Files\Microsoft SQL Server\120\Tools\Binn\;C:\Program Files\Microsoft SQL Server\120\DTS\Binn\;C:\Program Files (x86)\Windows Kits\8.1\Windows Performance Toolkit\;C:\Program Files\Java\jdk-12.0.1\bin;C:\strawberry\c\bin;C:\strawberry\perl\bin;C:\Program Files (x86)\Microsoft SQL Server\120\Tools\Binn\ManagementStudio\;C:\Program Files (x86)\Microsoft SQL Server\120\DTS\Binn\;C:\Program Files\Intel\WiFi\bin\;C:\Program Files\Common Files\Intel\WirelessCommon\;C:\Program Files (x86)\Intel\Intel(R) Management Engine Components\DAL;C:\Program Files\Intel\Intel(R) Management Engine Components\DAL;C:\Users\15483\AppData\Local\Microsoft\WindowsApps;;C:\Users\15483\eclipse\java-2019-032\eclipse;;."/>
    <property name="java.specification.name" value="Java Platform API Specification"/>
    <property name="java.class.version" value="52.0"/>
    <property name="sun.management.compiler" value="HotSpot 64-Bit Tiered Compilers"/>
    <property name="os.version" value="10.0"/>
    <property name="user.home" value="C:\Users\15483"/>
    <property name="user.timezone" value="America/New_York"/>
    <property name="java.awt.printerjob" value="sun.awt.windows.WPrinterJob"/>
    <property name="java.specification.version" value="1.8"/>
    <property name="file.encoding" value="Cp1252"/>
    <property name="user.name" value="15483"/>
    <property name="java.class.path" value="C:\Users\15483\.p2\pool\plugins\org.eclipse.m2e.maven.runtime_1.11.0.20190220-2117\jars\plexus-classworlds-2.5.2.jar"/>
    <property name="java.vm.specification.version" value="1.8"/>
    <property name="sun.arch.data.model" value="64"/>
    <property name="java.home" value="C:\Program Files\Java\jdk1.8.0_201\jre"/>
    <property name="sun.java.command" value="org.codehaus.plexus.classworlds.launcher.Launcher -B clean install"/>
    <property name="java.specification.vendor" value="Oracle Corporation"/>
    <property name="user.language" value="en"/>
    <property name="awt.toolkit" value="sun.awt.windows.WToolkit"/>
    <property name="java.vm.info" value="mixed mode"/>
    <property name="java.version" value="1.8.0_201"/>
    <property name="java.ext.dirs" value="C:\Program Files\Java\jdk1.8.0_201\jre\lib\ext;C:\WINDOWS\Sun\Java\lib\ext"/>
    <property name="sun.boot.class.path" value="C:\Program Files\Java\jdk1.8.0_201\jre\lib\resources.jar;C:\Program Files\Java\jdk1.8.0_201\jre\lib\rt.jar;C:\Program Files\Java\jdk1.8.0_201\jre\lib\sunrsasign.jar;C:\Program Files\Java\jdk1.8.0_201\jre\lib\jsse.jar;C:\Program Files\Java\jdk1.8.0_201\jre\lib\jce.jar;C:\Program Files\Java\jdk1.8.0_201\jre\lib\charsets.jar;C:\Program Files\Java\jdk1.8.0_201\jre\lib\jfr.jar;C:\Program Files\Java\jdk1.8.0_201\jre\classes"/>
    <property name="java.vendor" value="Oracle Corporation"/>
    <property name="maven.home" value="C:\Users\15483\eclipse-workspace\servusUnionTestProject\EMBEDDED"/>
    <property name="file.separator" value="\"/>
    <property name="java.vendor.url.bug" value="http://bugreport.sun.com/bugreport/"/>
    <property name="sun.cpu.endian" value="little"/>
    <property name="sun.io.unicode.encoding" value="UnicodeLittle"/>
    <property name="sun.desktop" value="windows"/>
    <property name="sun.cpu.isalist" value="amd64"/>
  </properties>
  <testcase classname="| sri@gmail.com | password |" name="Given Navigate to home page" time="0.004"/>
  <testcase classname="| sri@gmail.com | password |" name="Then Check whether username, password and login button is present" time="0"/>
  <testcase classname="| sri@gmail.com | password |" name="And Input email address sri@gmail.com and password password into the respective fields" time="0"/>
  <testcase classname="| sri@gmail.com | password |" name="| sri@gmail.com | password |" time="0.003"/>
  <testcase classname="Scenario: Listgroup check Test 2" name="Given Navigate to home page" time="0"/>
  <testcase classname="Scenario: Listgroup check Test 2" name="When Check whether there are three values in the listgroup" time="0"/>
  <testcase classname="Scenario: Listgroup check Test 2" name="And check the second list item&apos;s value is set to &quot;List Item 2&quot;" time="0"/>
  <testcase classname="Scenario: Listgroup check Test 2" name="Then Check whether the second list item&apos;s badge value is 6" time="0"/>
  <testcase classname="Scenario: Listgroup check Test 2" name="Scenario: Listgroup check Test 2" time="0"/>
  <testcase classname="Scenario: Listgroup check Test 3" name="Given Navigate to home page" time="0"/>
  <testcase classname="Scenario: Listgroup check Test 3" name="When Check Option 1 is the default selected value" time="0"/>
  <testcase classname="Scenario: Listgroup check Test 3" name="Then Select Option 3 from the select list" time="0"/>
  <testcase classname="Scenario: Listgroup check Test 3" name="Scenario: Listgroup check Test 3" time="0"/>
  <testcase classname="Scenario: Listgroup check Test 4" name="Given Navigate to home page" time="0"/>
  <testcase classname="Scenario: Listgroup check Test 4" name="Then Check that the first button is enabled and that the second button is disabled" time="0"/>
  <testcase classname="Scenario: Listgroup check Test 4" name="Scenario: Listgroup check Test 4" time="0.001"/>
  <testcase classname="Scenario: Listgroup check Test 5" name="Given Navigate to home page" time="0"/>
  <testcase classname="Scenario: Listgroup check Test 5" name="When Click on the button once it&apos;s displayed" time="0"/>
  <testcase classname="Scenario: Listgroup check Test 5" name="And Once you&apos;ve clicked the button, check that a success message is displayed" time="0"/>
  <testcase classname="Scenario: Listgroup check Test 5" name="Then Check that the button is now disabled" time="0"/>
  <testcase classname="Scenario: Listgroup check Test 5" name="Scenario: Listgroup check Test 5" time="0"/>
  <testcase classname="Scenario: Listgroup check Test 6" name="Given Navigate to home page" time="0"/>
  <testcase classname="Scenario: Listgroup check Test 6" name="When Find the value of any cell on the grid" time="0"/>
  <testcase classname="Scenario: Listgroup check Test 6" name="And Find the value of the cell at coordinates 2, 2" time="0"/>
  <testcase classname="Scenario: Listgroup check Test 6" name="Then Check whether the value of the cell is &quot;Ventosanzap&quot;" time="0"/>
  <testcase classname="Scenario: Listgroup check Test 6" name="Scenario: Listgroup check Test 6" time="0"/>
</testsuite>